python3.5: can't open file 'visualizetion.py': [Errno 2] No such file or directory
python3.5: can't open file 'visu': [Errno 2] No such file or directory
目的関数の遷移可視化完了
混雑総コストの遷移可視化完了
保有ポイント数の遷移可視化完了
収益の遷移可視化完了
リンクフローの遷移可視化完了
課金額の遷移可視化完了
ポイント付与額の遷移可視化完了
目的関数の遷移可視化完了
混雑総コストの遷移可視化完了
保有ポイント数の遷移可視化完了
収益の遷移可視化完了
リンクフローの遷移可視化完了
課金額の遷移可視化完了
ポイント付与額の遷移可視化完了
目的関数の遷移可視化完了
混雑総コストの遷移可視化完了
保有ポイント数の遷移可視化完了
収益の遷移可視化完了
リンクフローの遷移可視化完了
課金額の遷移可視化完了
ポイント付与額の遷移可視化完了
目的関数の遷移可視化完了
混雑総コストの遷移可視化完了
保有ポイント数の遷移可視化完了
収益の遷移可視化完了
リンクフローの遷移可視化完了
課金額の遷移可視化完了
ポイント付与額の遷移可視化完了
目的関数の遷移可視化完了
混雑総コストの遷移可視化完了
保有ポイント数の遷移可視化完了
収益の遷移可視化完了
リンクフローの遷移可視化完了
課金額の遷移可視化完了
ポイント付与額の遷移可視化完了
目的関数の遷移可視化完了
混雑総コストの遷移可視化完了
保有ポイント数の遷移可視化完了
収益の遷移可視化完了
リンクフローの遷移可視化完了
課金額の遷移可視化完了
ポイント付与額の遷移可視化完了
目的関数の遷移可視化完了
混雑総コストの遷移可視化完了
保有ポイント数の遷移可視化完了
収益の遷移可視化完了
リンクフローの遷移可視化完了
課金額の遷移可視化完了
ポイント付与額の遷移可視化完了
目的関数の遷移可視化完了
混雑総コストの遷移可視化完了
保有ポイント数の遷移可視化完了
収益の遷移可視化完了
リンクフローの遷移可視化完了
課金額の遷移可視化完了
ポイント付与額の遷移可視化完了
目的関数の遷移可視化完了
混雑総コストの遷移可視化完了
保有ポイント数の遷移可視化完了
収益の遷移可視化完了
リンクフローの遷移可視化完了
課金額の遷移可視化完了
ポイント付与額の遷移可視化完了
目的関数の遷移可視化完了
混雑総コストの遷移可視化完了
保有ポイント数の遷移可視化完了
収益の遷移可視化完了
リンクフローの遷移可視化完了
課金額の遷移可視化完了
ポイント付与額の遷移可視化完了
目的関数の遷移可視化完了
混雑総コストの遷移可視化完了
保有ポイント数の遷移可視化完了
収益の遷移可視化完了
リンクフローの遷移可視化完了
課金額の遷移可視化完了
ポイント付与額の遷移可視化完了
目的関数の遷移可視化完了
混雑総コストの遷移可視化完了
保有ポイント数の遷移可視化完了
収益の遷移可視化完了
リンクフローの遷移可視化完了
課金額の遷移可視化完了
ポイント付与額の遷移可視化完了
目的関数の遷移可視化完了
混雑総コストの遷移可視化完了
保有ポイント数の遷移可視化完了
収益の遷移可視化完了
リンクフローの遷移可視化完了
課金額の遷移可視化完了
ポイント付与額の遷移可視化完了
目的関数の遷移可視化完了
混雑総コストの遷移可視化完了
保有ポイント数の遷移可視化完了
収益の遷移可視化完了
リンクフローの遷移可視化完了
課金額の遷移可視化完了
ポイント付与額の遷移可視化完了
目的関数の遷移可視化完了
混雑総コストの遷移可視化完了
保有ポイント数の遷移可視化完了
収益の遷移可視化完了
リンクフローの遷移可視化完了
課金額の遷移可視化完了
ポイント付与額の遷移可視化完了
目的関数の遷移可視化完了
混雑総コストの遷移可視化完了
保有ポイント数の遷移可視化完了
収益の遷移可視化完了
リンクフローの遷移可視化完了
課金額の遷移可視化完了
ポイント付与額の遷移可視化完了
目的関数の遷移可視化完了
混雑総コストの遷移可視化完了
保有ポイント数の遷移可視化完了
収益の遷移可視化完了
リンクフローの遷移可視化完了
課金額の遷移可視化完了
ポイント付与額の遷移可視化完了
目的関数の遷移可視化完了
混雑総コストの遷移可視化完了
保有ポイント数の遷移可視化完了
収益の遷移可視化完了
リンクフローの遷移可視化完了
課金額の遷移可視化完了
ポイント付与額の遷移可視化完了
目的関数の遷移可視化完了
混雑総コストの遷移可視化完了
保有ポイント数の遷移可視化完了
収益の遷移可視化完了
リンクフローの遷移可視化完了
課金額の遷移可視化完了
ポイント付与額の遷移可視化完了
目的関数の遷移可視化完了
混雑総コストの遷移可視化完了
保有ポイント数の遷移可視化完了
収益の遷移可視化完了
リンクフローの遷移可視化完了
課金額の遷移可視化完了
ポイント付与額の遷移可視化完了
目的関数の遷移可視化完了
混雑総コストの遷移可視化完了
保有ポイント数の遷移可視化完了
収益の遷移可視化完了
リンクフローの遷移可視化完了
課金額の遷移可視化完了
ポイント付与額の遷移可視化完了
目的関数の遷移可視化完了
混雑総コストの遷移可視化完了
保有ポイント数の遷移可視化完了
収益の遷移可視化完了
リンクフローの遷移可視化完了
課金額の遷移可視化完了
ポイント付与額の遷移可視化完了
目的関数の遷移可視化完了
混雑総コストの遷移可視化完了
保有ポイント数の遷移可視化完了
収益の遷移可視化完了
リンクフローの遷移可視化完了
課金額の遷移可視化完了
ポイント付与額の遷移可視化完了
目的関数の遷移可視化完了
混雑総コストの遷移可視化完了
保有ポイント数の遷移可視化完了
収益の遷移可視化完了
リンクフローの遷移可視化完了
課金額の遷移可視化完了
ポイント付与額の遷移可視化完了
目的関数の遷移可視化完了
混雑総コストの遷移可視化完了
保有ポイント数の遷移可視化完了
収益の遷移可視化完了
リンクフローの遷移可視化完了
課金額の遷移可視化完了
ポイント付与額の遷移可視化完了
目的関数の遷移可視化完了
混雑総コストの遷移可視化完了
保有ポイント数の遷移可視化完了
収益の遷移可視化完了
リンクフローの遷移可視化完了
課金額の遷移可視化完了
ポイント付与額の遷移可視化完了
目的関数の遷移可視化完了
混雑総コストの遷移可視化完了
保有ポイント数の遷移可視化完了
収益の遷移可視化完了
リンクフローの遷移可視化完了
課金額の遷移可視化完了
ポイント付与額の遷移可視化完了
目的関数の遷移可視化完了
混雑総コストの遷移可視化完了
保有ポイント数の遷移可視化完了
収益の遷移可視化完了
リンクフローの遷移可視化完了
課金額の遷移可視化完了
ポイント付与額の遷移可視化完了
目的関数の遷移可視化完了
混雑総コストの遷移可視化完了
保有ポイント数の遷移可視化完了
収益の遷移可視化完了
リンクフローの遷移可視化完了
課金額の遷移可視化完了
ポイント付与額の遷移可視化完了
目的関数の遷移可視化完了
混雑総コストの遷移可視化完了
保有ポイント数の遷移可視化完了
収益の遷移可視化完了
リンクフローの遷移可視化完了
課金額の遷移可視化完了
ポイント付与額の遷移可視化完了
目的関数の遷移可視化完了
混雑総コストの遷移可視化完了
保有ポイント数の遷移可視化完了
収益の遷移可視化完了
リンクフローの遷移可視化完了
課金額の遷移可視化完了
ポイント付与額の遷移可視化完了
目的関数の遷移可視化完了
混雑総コストの遷移可視化完了
保有ポイント数の遷移可視化完了
収益の遷移可視化完了
リンクフローの遷移可視化完了
課金額の遷移可視化完了
ポイント付与額の遷移可視化完了
目的関数の遷移可視化完了
混雑総コストの遷移可視化完了
保有ポイント数の遷移可視化完了
収益の遷移可視化完了
リンクフローの遷移可視化完了
課金額の遷移可視化完了
ポイント付与額の遷移可視化完了
